<?xml version="1.0" encoding="UTF-8"?>
<!-- Generated by org.testng.reporters.JUnitReportReporter -->
<testsuite hostname="MacBook-Pro-Nikolaj.local" failures="0" tests="1" name="YandexTest" time="11.548" errors="0" timestamp="2023-07-03T16:30:54 MSK" skipped="0">
  <testcase classname="YandexTest" name="YandexO" time="11.548"/>
</testsuite> <!-- YandexTest -->
