<?xml version="1.0" encoding="UTF-8"?>
<!-- Generated by org.testng.reporters.JUnitReportReporter -->
<testsuite hostname="MacBook-Pro-Nikolaj.local" failures="0" tests="1" name="YandexTest" time="7.779" errors="0" timestamp="2023-07-03T16:18:43 MSK" skipped="0">
  <testcase classname="YandexTest" name="YandexO" time="7.779"/>
</testsuite> <!-- YandexTest -->
