<?xml version="1.0" encoding="UTF-8"?>
<!-- Generated by org.testng.reporters.JUnitReportReporter -->
<testsuite hostname="MacBook-Pro-Nikolaj.local" failures="0" tests="1" name="YandexTest" time="8.524" errors="0" timestamp="2023-07-03T15:50:28 MSK" skipped="0">
  <testcase classname="YandexTest" name="YandexO" time="8.524"/>
</testsuite> <!-- YandexTest -->
