<?xml version="1.0" encoding="UTF-8"?>
<!-- Generated by org.testng.reporters.JUnitReportReporter -->
<testsuite hostname="MacBook-Pro-Nikolaj.local" failures="0" tests="1" name="YandexTest" time="12.408" errors="0" timestamp="2023-07-03T15:44:01 MSK" skipped="0">
  <testcase classname="YandexTest" name="YandexO" time="12.408"/>
</testsuite> <!-- YandexTest -->
