<?xml version="1.0" encoding="UTF-8"?>
<!-- Generated by org.testng.reporters.JUnitReportReporter -->
<testsuite hostname="MacBook-Pro-Nikolaj.local" failures="0" tests="1" name="OneTest" time="8.674" errors="0" timestamp="2023-07-03T11:39:45 MSK" skipped="0">
  <testcase classname="OneTest" name="Open" time="8.674"/>
  <system-out/>
</testsuite> <!-- OneTest -->
